Using pre-set license
Built from '2020.3/staging' branch; Version is '2020.3.30f1 (1fb1bf06830e) revision 2077119'; Using compiler version '192528614'; Build Type 'Release'
OS: 'Windows 10  (10.0.19044) 64bit Core' Language: 'en' Physical Memory: 16153 MB
BatchMode: 1, IsHumanControllingUs: 0, StartBugReporterOnCrash: 0, Is64bit: 1, IsPro: 0

COMMAND LINE ARGUMENTS:
C:\Program Files\Unity\Hub\Editor\2020.3.30f1\Editor\Unity.exe
-adb2
-batchMode
-noUpm
-name
AssetImportWorker0
-projectPath
C:/Users/odyss/Desktop/Game Developer Course/LaserDefender_Sect6/Laser Defender_Sect6
-logFile
Logs/AssetImportWorker0.log
-srvPort
64791
Successfully changed project path to: C:/Users/odyss/Desktop/Game Developer Course/LaserDefender_Sect6/Laser Defender_Sect6
C:/Users/odyss/Desktop/Game Developer Course/LaserDefender_Sect6/Laser Defender_Sect6
Using Asset Import Pipeline V2.
Refreshing native plugins compatible for Editor in 46.00 ms, found 3 plugins.
Preloading 0 native plugins for Editor in 0.00 ms.
Initialize engine version: 2020.3.30f1 (1fb1bf06830e)
[Subsystems] Discovering subsystems at path C:/Program Files/Unity/Hub/Editor/2020.3.30f1/Editor/Data/Resources/UnitySubsystems
[Subsystems] Discovering subsystems at path C:/Users/odyss/Desktop/Game Developer Course/LaserDefender_Sect6/Laser Defender_Sect6/Assets
GfxDevice: creating device client; threaded=0
Direct3D:
    Version:  Direct3D 11.0 [level 11.1]
    Renderer: NVIDIA GeForce GTX 1660 Ti with Max-Q Design (ID=0x2191)
    Vendor:   
    VRAM:     5991 MB
    Driver:   30.0.15.1179
Initialize mono
Mono path[0] = 'C:/Program Files/Unity/Hub/Editor/2020.3.30f1/Editor/Data/Managed'
Mono path[1] = 'C:/Program Files/Unity/Hub/Editor/2020.3.30f1/Editor/Data/MonoBleedingEdge/lib/mono/unityjit'
Mono config path = 'C:/Program Files/Unity/Hub/Editor/2020.3.30f1/Editor/Data/MonoBleedingEdge/etc'
Using monoOptions --debugger-agent=transport=dt_socket,embedding=1,server=y,suspend=n,address=127.0.0.1:56796
Begin MonoManager ReloadAssembly
Registering precompiled unity dll's ...
Register platform support module: C:/Program Files/Unity/Hub/Editor/2020.3.30f1/Editor/Data/PlaybackEngines/WindowsStandaloneSupport/UnityEditor.WindowsStandalone.Extensions.dll
Registered in 0.003610 seconds.
Native extension for WindowsStandalone target not found
Refreshing native plugins compatible for Editor in 62.76 ms, found 3 plugins.
Preloading 0 native plugins for Editor in 0.00 ms.
Mono: successfully reloaded assembly
- Completed reload, in  0.765 seconds
Domain Reload Profiling:
	ReloadAssembly (766ms)
		BeginReloadAssembly (97ms)
			ExecutionOrderSort (0ms)
			DisableScriptedObjects (0ms)
			BackupInstance (0ms)
			ReleaseScriptingObjects (0ms)
			CreateAndSetChildDomain (1ms)
		EndReloadAssembly (565ms)
			LoadAssemblies (94ms)
			RebuildTransferFunctionScriptingTraits (0ms)
			SetupTypeCache (177ms)
			ReleaseScriptCaches (0ms)
			RebuildScriptCaches (38ms)
			SetupLoadedEditorAssemblies (243ms)
				LogAssemblyErrors (0ms)
				InitializePlatformSupportModulesInManaged (7ms)
				SetLoadedEditorAssemblies (0ms)
				RefreshPlugins (63ms)
				BeforeProcessingInitializeOnLoad (23ms)
				ProcessInitializeOnLoadAttributes (114ms)
				ProcessInitializeOnLoadMethodAttributes (36ms)
				AfterProcessingInitializeOnLoad (0ms)
				EditorAssembliesLoaded (0ms)
			ExecutionOrderSort2 (0ms)
			AwakeInstancesAfterBackupRestoration (0ms)
Platform modules already initialized, skipping
Registering precompiled user dll's ...
Registered in 0.006869 seconds.
Begin MonoManager ReloadAssembly
Native extension for WindowsStandalone target not found
Refreshing native plugins compatible for Editor in 63.95 ms, found 3 plugins.
Preloading 0 native plugins for Editor in 0.00 ms.
Mono: successfully reloaded assembly
- Completed reload, in  1.351 seconds
Domain Reload Profiling:
	ReloadAssembly (1352ms)
		BeginReloadAssembly (212ms)
			ExecutionOrderSort (0ms)
			DisableScriptedObjects (6ms)
			BackupInstance (0ms)
			ReleaseScriptingObjects (0ms)
			CreateAndSetChildDomain (22ms)
		EndReloadAssembly (1073ms)
			LoadAssemblies (134ms)
			RebuildTransferFunctionScriptingTraits (0ms)
			SetupTypeCache (317ms)
			ReleaseScriptCaches (0ms)
			RebuildScriptCaches (52ms)
			SetupLoadedEditorAssemblies (446ms)
				LogAssemblyErrors (0ms)
				InitializePlatformSupportModulesInManaged (5ms)
				SetLoadedEditorAssemblies (0ms)
				RefreshPlugins (64ms)
				BeforeProcessingInitializeOnLoad (112ms)
				ProcessInitializeOnLoadAttributes (235ms)
				ProcessInitializeOnLoadMethodAttributes (21ms)
				AfterProcessingInitializeOnLoad (9ms)
				EditorAssembliesLoaded (0ms)
			ExecutionOrderSort2 (0ms)
			AwakeInstancesAfterBackupRestoration (6ms)
Platform modules already initialized, skipping
========================================================================
Worker process is ready to serve import requests
Launched and connected shader compiler UnityShaderCompiler.exe after 0.09 seconds
Refreshing native plugins compatible for Editor in 0.53 ms, found 3 plugins.
Preloading 0 native plugins for Editor in 0.00 ms.
Unloading 2196 Unused Serialized files (Serialized files now loaded: 0)
System memory in use before: 96.8 MB.
System memory in use after: 96.8 MB.

Unloading 31 unused Assets to reduce memory usage. Loaded Objects now: 2626.
Total: 2.775000 ms (FindLiveObjects: 0.173300 ms CreateObjectMapping: 0.085900 ms MarkObjects: 2.320300 ms  DeleteObjects: 0.194800 ms)

AssetImportParameters requested are different than current active one (requested -> active):
  custom:framework-win-MediaFoundation: 216162199b28c13a410421893ffa2e32 -> 
  custom:video-decoder-ogg-theora: a1e56fd34408186e4bbccfd4996cb3dc -> 
  custom:container-muxer-webm: aa71ff27fc2769a1b78a27578f13a17b -> 
  custom:container-demuxer-webm: 4f35f7cbe854078d1ac9338744f61a02 -> 
  custom:container-demuxer-ogg: 62fdf1f143b41e24485cea50d1cbac27 -> 
  custom:video-encoder-webm-vp8: eb34c28f22e8b96e1ab97ce403110664 -> 
  custom:video-codec-MediaFoundation-h265: 746d11721c4dcdbdad8f713fa42b33f4 -> 
  custom:video-decoder-webm-vp8: 9c59270c3fd7afecdb556c50c9e8de78 -> 
  custom:audio-decoder-ogg-vorbis: bf7c407c2cedff20999df2af8eb42d56 -> 
  custom:audio-encoder-webm-vorbis: bf7c407c2cedff20999df2af8eb42d56 -> 
========================================================================
Received Import Request.
  path: Assets/Asset Packs
  artifactKey: Guid(20624eefa1e20a34f83aed256b7b0087) Importer(815301076,1909f56bfc062723c751e8b465ee728b)
Start importing Assets/Asset Packs using Guid(20624eefa1e20a34f83aed256b7b0087) Importer(815301076,1909f56bfc062723c751e8b465ee728b)  -> (artifact id: 'f1f6d5c2293722ad5be170fd1f67e2ed') in 0.011544 seconds 
========================================================================
Received Import Request.
  Time since last request: 0.000357 seconds.
  path: Assets/Asset Packs/starfield.png
  artifactKey: Guid(02343505f309cce4e9235250a1f45dc1) Importer(815301076,1909f56bfc062723c751e8b465ee728b)
Start importing Assets/Asset Packs/starfield.png using Guid(02343505f309cce4e9235250a1f45dc1) Importer(815301076,1909f56bfc062723c751e8b465ee728b)  -> (artifact id: '80f1c69ce3da5459d3e2f1afc6b74814') in 0.137464 seconds 
========================================================================
Received Import Request.
  Time since last request: 54.316327 seconds.
  path: Assets
  artifactKey: Guid(00000000000000001000000000000000) Importer(815301076,1909f56bfc062723c751e8b465ee728b)
Start importing Assets using Guid(00000000000000001000000000000000) Importer(815301076,1909f56bfc062723c751e8b465ee728b)  -> (artifact id: '42d402b061de3733987d63b9cc3b64de') in 0.014660 seconds 
========================================================================
Received Import Request.
  Time since last request: 5.874045 seconds.
  path: Assets/Sprites
  artifactKey: Guid(bf0abf3f04a556c4086237e550bf6316) Importer(815301076,1909f56bfc062723c751e8b465ee728b)
Start importing Assets/Sprites using Guid(bf0abf3f04a556c4086237e550bf6316) Importer(815301076,1909f56bfc062723c751e8b465ee728b)  -> (artifact id: '2a59af63ca09664fa84c373032b112b1') in 0.012073 seconds 
========================================================================
Received Import Request.
  Time since last request: 117.286885 seconds.
  path: Assets/Sprites/playerShip2_red.png
  artifactKey: Guid(c9853893081023742aec54de5f36cd90) Importer(815301076,1909f56bfc062723c751e8b465ee728b)
Start importing Assets/Sprites/playerShip2_red.png using Guid(c9853893081023742aec54de5f36cd90) Importer(815301076,1909f56bfc062723c751e8b465ee728b)  -> (artifact id: '8e3caf85df5d08b1eb2d7452458a22e2') in 0.023844 seconds 
========================================================================
Received Prepare
Registering precompiled user dll's ...
Registered in 0.004394 seconds.
Begin MonoManager ReloadAssembly
Native extension for WindowsStandalone target not found
Refreshing native plugins compatible for Editor in 1.09 ms, found 3 plugins.
Preloading 0 native plugins for Editor in 0.00 ms.
Mono: successfully reloaded assembly
- Completed reload, in  1.381 seconds
Domain Reload Profiling:
	ReloadAssembly (1381ms)
		BeginReloadAssembly (142ms)
			ExecutionOrderSort (0ms)
			DisableScriptedObjects (7ms)
			BackupInstance (0ms)
			ReleaseScriptingObjects (0ms)
			CreateAndSetChildDomain (39ms)
		EndReloadAssembly (1153ms)
			LoadAssemblies (127ms)
			RebuildTransferFunctionScriptingTraits (0ms)
			SetupTypeCache (456ms)
			ReleaseScriptCaches (1ms)
			RebuildScriptCaches (46ms)
			SetupLoadedEditorAssemblies (398ms)
				LogAssemblyErrors (0ms)
				InitializePlatformSupportModulesInManaged (5ms)
				SetLoadedEditorAssemblies (1ms)
				RefreshPlugins (1ms)
				BeforeProcessingInitializeOnLoad (107ms)
				ProcessInitializeOnLoadAttributes (259ms)
				ProcessInitializeOnLoadMethodAttributes (14ms)
				AfterProcessingInitializeOnLoad (12ms)
				EditorAssembliesLoaded (0ms)
			ExecutionOrderSort2 (0ms)
			AwakeInstancesAfterBackupRestoration (16ms)
Platform modules already initialized, skipping
Refreshing native plugins compatible for Editor in 0.67 ms, found 3 plugins.
Preloading 0 native plugins for Editor in 0.00 ms.
Unloading 2191 Unused Serialized files (Serialized files now loaded: 0)
System memory in use before: 99.7 MB.
System memory in use after: 99.7 MB.

Unloading 20 unused Assets to reduce memory usage. Loaded Objects now: 2636.
Total: 4.275900 ms (FindLiveObjects: 0.256500 ms CreateObjectMapping: 0.207700 ms MarkObjects: 3.638500 ms  DeleteObjects: 0.171900 ms)

AssetImportParameters requested are different than current active one (requested -> active):
  custom:framework-win-MediaFoundation: 216162199b28c13a410421893ffa2e32 -> 
  custom:video-decoder-ogg-theora: a1e56fd34408186e4bbccfd4996cb3dc -> 
  custom:container-muxer-webm: aa71ff27fc2769a1b78a27578f13a17b -> 
  custom:container-demuxer-webm: 4f35f7cbe854078d1ac9338744f61a02 -> 
  custom:container-demuxer-ogg: 62fdf1f143b41e24485cea50d1cbac27 -> 
  custom:video-encoder-webm-vp8: eb34c28f22e8b96e1ab97ce403110664 -> 
  custom:video-codec-MediaFoundation-h265: 746d11721c4dcdbdad8f713fa42b33f4 -> 
  custom:video-decoder-webm-vp8: 9c59270c3fd7afecdb556c50c9e8de78 -> 
  custom:audio-decoder-ogg-vorbis: bf7c407c2cedff20999df2af8eb42d56 -> 
  custom:audio-encoder-webm-vorbis: bf7c407c2cedff20999df2af8eb42d56 -> 
========================================================================
Received Prepare
Registering precompiled user dll's ...
Registered in 0.004179 seconds.
Begin MonoManager ReloadAssembly
Native extension for WindowsStandalone target not found
Refreshing native plugins compatible for Editor in 0.43 ms, found 3 plugins.
Preloading 0 native plugins for Editor in 0.00 ms.
Mono: successfully reloaded assembly
- Completed reload, in  1.344 seconds
Domain Reload Profiling:
	ReloadAssembly (1345ms)
		BeginReloadAssembly (167ms)
			ExecutionOrderSort (0ms)
			DisableScriptedObjects (9ms)
			BackupInstance (0ms)
			ReleaseScriptingObjects (0ms)
			CreateAndSetChildDomain (43ms)
		EndReloadAssembly (1080ms)
			LoadAssemblies (159ms)
			RebuildTransferFunctionScriptingTraits (0ms)
			SetupTypeCache (411ms)
			ReleaseScriptCaches (1ms)
			RebuildScriptCaches (62ms)
			SetupLoadedEditorAssemblies (353ms)
				LogAssemblyErrors (0ms)
				InitializePlatformSupportModulesInManaged (5ms)
				SetLoadedEditorAssemblies (1ms)
				RefreshPlugins (0ms)
				BeforeProcessingInitializeOnLoad (102ms)
				ProcessInitializeOnLoadAttributes (222ms)
				ProcessInitializeOnLoadMethodAttributes (14ms)
				AfterProcessingInitializeOnLoad (9ms)
				EditorAssembliesLoaded (0ms)
			ExecutionOrderSort2 (0ms)
			AwakeInstancesAfterBackupRestoration (9ms)
Platform modules already initialized, skipping
Refreshing native plugins compatible for Editor in 0.73 ms, found 3 plugins.
Preloading 0 native plugins for Editor in 0.00 ms.
Unloading 2191 Unused Serialized files (Serialized files now loaded: 0)
System memory in use before: 99.8 MB.
System memory in use after: 99.7 MB.

Unloading 20 unused Assets to reduce memory usage. Loaded Objects now: 2638.
Total: 4.563600 ms (FindLiveObjects: 0.303000 ms CreateObjectMapping: 0.115300 ms MarkObjects: 3.997100 ms  DeleteObjects: 0.147100 ms)

AssetImportParameters requested are different than current active one (requested -> active):
  custom:framework-win-MediaFoundation: 216162199b28c13a410421893ffa2e32 -> 
  custom:video-decoder-ogg-theora: a1e56fd34408186e4bbccfd4996cb3dc -> 
  custom:container-muxer-webm: aa71ff27fc2769a1b78a27578f13a17b -> 
  custom:container-demuxer-webm: 4f35f7cbe854078d1ac9338744f61a02 -> 
  custom:container-demuxer-ogg: 62fdf1f143b41e24485cea50d1cbac27 -> 
  custom:video-encoder-webm-vp8: eb34c28f22e8b96e1ab97ce403110664 -> 
  custom:video-codec-MediaFoundation-h265: 746d11721c4dcdbdad8f713fa42b33f4 -> 
  custom:video-decoder-webm-vp8: 9c59270c3fd7afecdb556c50c9e8de78 -> 
  custom:audio-decoder-ogg-vorbis: bf7c407c2cedff20999df2af8eb42d56 -> 
  custom:audio-encoder-webm-vorbis: bf7c407c2cedff20999df2af8eb42d56 -> 
========================================================================
Received Import Request.
  Time since last request: 174.534443 seconds.
  path: Assets/Asset Packs/spaceshooter
  artifactKey: Guid(68e0da189abf10f42aed3e3e3f8d6362) Importer(815301076,1909f56bfc062723c751e8b465ee728b)
Start importing Assets/Asset Packs/spaceshooter using Guid(68e0da189abf10f42aed3e3e3f8d6362) Importer(815301076,1909f56bfc062723c751e8b465ee728b)  -> (artifact id: '62e397f39594d7dabc1db542bf02df0b') in 0.016424 seconds 
========================================================================
Received Import Request.
  Time since last request: 0.086571 seconds.
  path: Assets/Asset Packs/spaceshooter/preview.png
  artifactKey: Guid(68ccf5e4fc5dcf54b8ff6f62db7c7476) Importer(815301076,1909f56bfc062723c751e8b465ee728b)
Start importing Assets/Asset Packs/spaceshooter/preview.png using Guid(68ccf5e4fc5dcf54b8ff6f62db7c7476) Importer(815301076,1909f56bfc062723c751e8b465ee728b)  -> (artifact id: '8957841491b9a6ee56f5d5c454578431') in 0.074643 seconds 
========================================================================
Received Import Request.
  Time since last request: 0.000206 seconds.
  path: Assets/Asset Packs/spaceshooter/sample.png
  artifactKey: Guid(12c9fa32eb7192744a182e39e3b093c7) Importer(815301076,1909f56bfc062723c751e8b465ee728b)
Start importing Assets/Asset Packs/spaceshooter/sample.png using Guid(12c9fa32eb7192744a182e39e3b093c7) Importer(815301076,1909f56bfc062723c751e8b465ee728b)  -> (artifact id: 'dfbfd852aaec08e2bf963eb54f2ee9b9') in 0.030509 seconds 
========================================================================
Received Import Request.
  Time since last request: 30.473307 seconds.
  path: Assets/Asset Packs/spaceshooter/PNG
  artifactKey: Guid(df2d8e3f6441ff64495850ad1f665b45) Importer(815301076,1909f56bfc062723c751e8b465ee728b)
Start importing Assets/Asset Packs/spaceshooter/PNG using Guid(df2d8e3f6441ff64495850ad1f665b45) Importer(815301076,1909f56bfc062723c751e8b465ee728b)  -> (artifact id: '88ef2330215f8776a165d48aff20745d') in 0.014360 seconds 
========================================================================
Received Import Request.
  Time since last request: 0.096514 seconds.
  path: Assets/Asset Packs/spaceshooter/PNG/playerShip1_blue.png
  artifactKey: Guid(df2739cf6d5ad4a45bc458711be8e6ee) Importer(815301076,1909f56bfc062723c751e8b465ee728b)
Start importing Assets/Asset Packs/spaceshooter/PNG/playerShip1_blue.png using Guid(df2739cf6d5ad4a45bc458711be8e6ee) Importer(815301076,1909f56bfc062723c751e8b465ee728b)  -> (artifact id: 'ab672f8e7a7f1449007898d90e89fb79') in 0.028038 seconds 
========================================================================
Received Import Request.
  Time since last request: 0.000395 seconds.
  path: Assets/Asset Packs/spaceshooter/PNG/playerShip2_green.png
  artifactKey: Guid(0acd8cc64fe071f4ab62c376af3ed282) Importer(815301076,1909f56bfc062723c751e8b465ee728b)
Start importing Assets/Asset Packs/spaceshooter/PNG/playerShip2_green.png using Guid(0acd8cc64fe071f4ab62c376af3ed282) Importer(815301076,1909f56bfc062723c751e8b465ee728b)  -> (artifact id: 'ab62cd5564b9846b10335c5b4628b3e4') in 0.025919 seconds 
========================================================================
Received Import Request.
  Time since last request: 0.000438 seconds.
  path: Assets/Asset Packs/spaceshooter/PNG/playerShip1_orange.png
  artifactKey: Guid(0096cac74e658e947bd9919cf5d0755b) Importer(815301076,1909f56bfc062723c751e8b465ee728b)
Start importing Assets/Asset Packs/spaceshooter/PNG/playerShip1_orange.png using Guid(0096cac74e658e947bd9919cf5d0755b) Importer(815301076,1909f56bfc062723c751e8b465ee728b)  -> (artifact id: 'a43d1c6e2e17c9c79e77c41c7b83d7d0') in 0.023858 seconds 
========================================================================
Received Import Request.
  Time since last request: 0.000347 seconds.
  path: Assets/Asset Packs/spaceshooter/PNG/playerShip2_red.png
  artifactKey: Guid(b0bcb1469211d7343981fd629647d811) Importer(815301076,1909f56bfc062723c751e8b465ee728b)
Start importing Assets/Asset Packs/spaceshooter/PNG/playerShip2_red.png using Guid(b0bcb1469211d7343981fd629647d811) Importer(815301076,1909f56bfc062723c751e8b465ee728b)  -> (artifact id: '0767f2232044e8ac047c34370a8b7938') in 0.024778 seconds 
========================================================================
Received Import Request.
  Time since last request: 0.000434 seconds.
  path: Assets/Asset Packs/spaceshooter/PNG/playerShip2_blue.png
  artifactKey: Guid(eb8270220b215174397cf73d5d98ca8a) Importer(815301076,1909f56bfc062723c751e8b465ee728b)
Start importing Assets/Asset Packs/spaceshooter/PNG/playerShip2_blue.png using Guid(eb8270220b215174397cf73d5d98ca8a) Importer(815301076,1909f56bfc062723c751e8b465ee728b)  -> (artifact id: 'e2ceb61e408ffeda6115eccf25519cf1') in 0.035733 seconds 
========================================================================
Received Import Request.
  Time since last request: 0.000392 seconds.
  path: Assets/Asset Packs/spaceshooter/PNG/playerShip3_green.png
  artifactKey: Guid(ffdd4475d48bb0c4f95cb9f34d29b2c7) Importer(815301076,1909f56bfc062723c751e8b465ee728b)
Start importing Assets/Asset Packs/spaceshooter/PNG/playerShip3_green.png using Guid(ffdd4475d48bb0c4f95cb9f34d29b2c7) Importer(815301076,1909f56bfc062723c751e8b465ee728b)  -> (artifact id: '73749fc2d0f4c4ff524e653b11ae0ffa') in 0.027686 seconds 
========================================================================
Received Import Request.
  Time since last request: 0.000360 seconds.
  path: Assets/Asset Packs/spaceshooter/PNG/playerShip2_orange.png
  artifactKey: Guid(6cc010ec3ef08d846887113ac1a0aa34) Importer(815301076,1909f56bfc062723c751e8b465ee728b)
Start importing Assets/Asset Packs/spaceshooter/PNG/playerShip2_orange.png using Guid(6cc010ec3ef08d846887113ac1a0aa34) Importer(815301076,1909f56bfc062723c751e8b465ee728b)  -> (artifact id: 'f75376f383d05aa319f026420b4a1aa1') in 0.026370 seconds 
========================================================================
Received Import Request.
  Time since last request: 0.000384 seconds.
  path: Assets/Asset Packs/spaceshooter/PNG/playerShip1_red.png
  artifactKey: Guid(63b2b023b3904414f9c90fbd1bc7d0c7) Importer(815301076,1909f56bfc062723c751e8b465ee728b)
Start importing Assets/Asset Packs/spaceshooter/PNG/playerShip1_red.png using Guid(63b2b023b3904414f9c90fbd1bc7d0c7) Importer(815301076,1909f56bfc062723c751e8b465ee728b)  -> (artifact id: '3d273e46a44e16bb4d358378afb0b083') in 0.028777 seconds 
========================================================================
Received Import Request.
  Time since last request: 0.000458 seconds.
  path: Assets/Asset Packs/spaceshooter/PNG/ufoRed.png
  artifactKey: Guid(4b83127c60300534384d1fb5b71608a2) Importer(815301076,1909f56bfc062723c751e8b465ee728b)
Start importing Assets/Asset Packs/spaceshooter/PNG/ufoRed.png using Guid(4b83127c60300534384d1fb5b71608a2) Importer(815301076,1909f56bfc062723c751e8b465ee728b)  -> (artifact id: '00dab2e1ab62be698ff43627cdb02d7d') in 0.024879 seconds 
========================================================================
Received Import Request.
  Time since last request: 0.000209 seconds.
  path: Assets/Asset Packs/spaceshooter/PNG/playerShip3_red.png
  artifactKey: Guid(22959d9159af5cb4abcc5e59c21d41bd) Importer(815301076,1909f56bfc062723c751e8b465ee728b)
Start importing Assets/Asset Packs/spaceshooter/PNG/playerShip3_red.png using Guid(22959d9159af5cb4abcc5e59c21d41bd) Importer(815301076,1909f56bfc062723c751e8b465ee728b)  -> (artifact id: 'a700184bd104b079a6e33b035c3dba4b') in 0.023622 seconds 
========================================================================
Received Import Request.
  Time since last request: 0.000307 seconds.
  path: Assets/Asset Packs/spaceshooter/PNG/playerShip1_green.png
  artifactKey: Guid(d9555cf2d500d39479043d344b92bee6) Importer(815301076,1909f56bfc062723c751e8b465ee728b)
Start importing Assets/Asset Packs/spaceshooter/PNG/playerShip1_green.png using Guid(d9555cf2d500d39479043d344b92bee6) Importer(815301076,1909f56bfc062723c751e8b465ee728b)  -> (artifact id: '480641d5319787b0b4fedf2b149055de') in 0.027890 seconds 
========================================================================
Received Import Request.
  Time since last request: 0.000396 seconds.
  path: Assets/Asset Packs/spaceshooter/PNG/ufoYellow.png
  artifactKey: Guid(d6525b7291d5a0642b111493c22a48bd) Importer(815301076,1909f56bfc062723c751e8b465ee728b)
Start importing Assets/Asset Packs/spaceshooter/PNG/ufoYellow.png using Guid(d6525b7291d5a0642b111493c22a48bd) Importer(815301076,1909f56bfc062723c751e8b465ee728b)  -> (artifact id: 'df3757207d14311acdf73e8ddfb4277a') in 0.030408 seconds 
========================================================================
Received Import Request.
  Time since last request: 0.000590 seconds.
  path: Assets/Asset Packs/spaceshooter/PNG/ufoGreen.png
  artifactKey: Guid(375d412ac44a08942b1ece3d271d2a1f) Importer(815301076,1909f56bfc062723c751e8b465ee728b)
Start importing Assets/Asset Packs/spaceshooter/PNG/ufoGreen.png using Guid(375d412ac44a08942b1ece3d271d2a1f) Importer(815301076,1909f56bfc062723c751e8b465ee728b)  -> (artifact id: '81de2f9ac0bef708ca4a101b131bf784') in 0.024688 seconds 
========================================================================
Received Import Request.
  Time since last request: 0.000276 seconds.
  path: Assets/Asset Packs/spaceshooter/PNG/ufoBlue.png
  artifactKey: Guid(800a17c230129da4081bf87867101946) Importer(815301076,1909f56bfc062723c751e8b465ee728b)
Start importing Assets/Asset Packs/spaceshooter/PNG/ufoBlue.png using Guid(800a17c230129da4081bf87867101946) Importer(815301076,1909f56bfc062723c751e8b465ee728b)  -> (artifact id: '7b751a6cbdab5d93b84f8a4098a7ac4a') in 0.023608 seconds 
========================================================================
Received Import Request.
  Time since last request: 0.000306 seconds.
  path: Assets/Asset Packs/spaceshooter/PNG/playerShip3_blue.png
  artifactKey: Guid(29ef0b212d6fc354293ceab71ab434ad) Importer(815301076,1909f56bfc062723c751e8b465ee728b)
Start importing Assets/Asset Packs/spaceshooter/PNG/playerShip3_blue.png using Guid(29ef0b212d6fc354293ceab71ab434ad) Importer(815301076,1909f56bfc062723c751e8b465ee728b)  -> (artifact id: '6c694754b8c0cfc05ae93f42ea4e8bb4') in 0.027838 seconds 
========================================================================
Received Import Request.
  Time since last request: 0.000300 seconds.
  path: Assets/Asset Packs/spaceshooter/PNG/playerShip3_orange.png
  artifactKey: Guid(632e3b381f85ef54e8272801e7ecd3df) Importer(815301076,1909f56bfc062723c751e8b465ee728b)
Start importing Assets/Asset Packs/spaceshooter/PNG/playerShip3_orange.png using Guid(632e3b381f85ef54e8272801e7ecd3df) Importer(815301076,1909f56bfc062723c751e8b465ee728b)  -> (artifact id: '62eac4ab1d0ef72c30073b67b76ec8dd') in 0.023294 seconds 
========================================================================
Received Import Request.
  Time since last request: 107.525749 seconds.
  path: Assets/Prefabs
  artifactKey: Guid(cde314c8817025042be039d0dda20043) Importer(815301076,1909f56bfc062723c751e8b465ee728b)
Start importing Assets/Prefabs using Guid(cde314c8817025042be039d0dda20043) Importer(815301076,1909f56bfc062723c751e8b465ee728b)  -> (artifact id: '1ecd927633d891c4e1ab796cbf49fc4e') in 0.011752 seconds 
========================================================================
Received Import Request.
  Time since last request: 4.748831 seconds.
  path: Assets/Prefabs/Player.prefab
  artifactKey: Guid(e6caada32eb27bc47b23ae93c3e2e834) Importer(815301076,1909f56bfc062723c751e8b465ee728b)
Start importing Assets/Prefabs/Player.prefab using Guid(e6caada32eb27bc47b23ae93c3e2e834) Importer(815301076,1909f56bfc062723c751e8b465ee728b)  -> (artifact id: '8d0159fd0787e5de1f846d2d45472f5b') in 0.056066 seconds 
========================================================================
Received Import Request.
  Time since last request: 43.836268 seconds.
  path: Assets/Asset Packs/spaceshooter/PNG/Enemies
  artifactKey: Guid(870e08454ffde2c4a85aaa7d7f3da832) Importer(815301076,1909f56bfc062723c751e8b465ee728b)
Start importing Assets/Asset Packs/spaceshooter/PNG/Enemies using Guid(870e08454ffde2c4a85aaa7d7f3da832) Importer(815301076,1909f56bfc062723c751e8b465ee728b)  -> (artifact id: '6e3271770ec1944ff50c66fa2b85e022') in 0.012542 seconds 
========================================================================
Received Import Request.
  Time since last request: 0.078909 seconds.
  path: Assets/Asset Packs/spaceshooter/PNG/Enemies/enemyBlack1.png
  artifactKey: Guid(d3845b8283cc35443a0526ee094df758) Importer(815301076,1909f56bfc062723c751e8b465ee728b)
Start importing Assets/Asset Packs/spaceshooter/PNG/Enemies/enemyBlack1.png using Guid(d3845b8283cc35443a0526ee094df758) Importer(815301076,1909f56bfc062723c751e8b465ee728b)  -> (artifact id: '39d31fce764c2501cf3c951da76072a0') in 0.026972 seconds 
========================================================================
Received Import Request.
  Time since last request: 0.000284 seconds.
  path: Assets/Asset Packs/spaceshooter/PNG/Enemies/enemyBlue5.png
  artifactKey: Guid(bbab77b3c06bbb44eb7ca4e3d854ec88) Importer(815301076,1909f56bfc062723c751e8b465ee728b)
Start importing Assets/Asset Packs/spaceshooter/PNG/Enemies/enemyBlue5.png using Guid(bbab77b3c06bbb44eb7ca4e3d854ec88) Importer(815301076,1909f56bfc062723c751e8b465ee728b)  -> (artifact id: 'b324ff97dc6ae095add216b4af309df6') in 0.028261 seconds 
========================================================================
Received Import Request.
  Time since last request: 0.000329 seconds.
  path: Assets/Asset Packs/spaceshooter/PNG/Enemies/enemyBlack4.png
  artifactKey: Guid(3d23c77896388844797dffff789375d6) Importer(815301076,1909f56bfc062723c751e8b465ee728b)
Start importing Assets/Asset Packs/spaceshooter/PNG/Enemies/enemyBlack4.png using Guid(3d23c77896388844797dffff789375d6) Importer(815301076,1909f56bfc062723c751e8b465ee728b)  -> (artifact id: 'f09b322d8d79c42104249e783340f1b7') in 0.020892 seconds 
========================================================================
Received Import Request.
  Time since last request: 0.000329 seconds.
  path: Assets/Asset Packs/spaceshooter/PNG/Enemies/enemyGreen1.png
  artifactKey: Guid(abe38696928c25e41aecc31ffbd0b55c) Importer(815301076,1909f56bfc062723c751e8b465ee728b)
Start importing Assets/Asset Packs/spaceshooter/PNG/Enemies/enemyGreen1.png using Guid(abe38696928c25e41aecc31ffbd0b55c) Importer(815301076,1909f56bfc062723c751e8b465ee728b)  -> (artifact id: 'e80cd6ad7b39cfd36523cb35b20b7d3b') in 0.021140 seconds 
========================================================================
Received Import Request.
  Time since last request: 0.000456 seconds.
  path: Assets/Asset Packs/spaceshooter/PNG/Enemies/enemyGreen5.png
  artifactKey: Guid(c3c79634d077e624282ebc942d6c8795) Importer(815301076,1909f56bfc062723c751e8b465ee728b)
Start importing Assets/Asset Packs/spaceshooter/PNG/Enemies/enemyGreen5.png using Guid(c3c79634d077e624282ebc942d6c8795) Importer(815301076,1909f56bfc062723c751e8b465ee728b)  -> (artifact id: '191df24af925de9538181e9bac165b3e') in 0.028915 seconds 
========================================================================
Received Import Request.
  Time since last request: 0.000348 seconds.
  path: Assets/Asset Packs/spaceshooter/PNG/Enemies/enemyBlack3.png
  artifactKey: Guid(a7a6182dbf086f848bd73901bb21eeb6) Importer(815301076,1909f56bfc062723c751e8b465ee728b)
Start importing Assets/Asset Packs/spaceshooter/PNG/Enemies/enemyBlack3.png using Guid(a7a6182dbf086f848bd73901bb21eeb6) Importer(815301076,1909f56bfc062723c751e8b465ee728b)  -> (artifact id: 'c1d62ba6ee3ea795a00b1b5221700c1c') in 0.022058 seconds 
========================================================================
Received Import Request.
  Time since last request: 0.000321 seconds.
  path: Assets/Asset Packs/spaceshooter/PNG/Enemies/enemyRed3.png
  artifactKey: Guid(6e44af645ed32194993503f3f9308da2) Importer(815301076,1909f56bfc062723c751e8b465ee728b)
Start importing Assets/Asset Packs/spaceshooter/PNG/Enemies/enemyRed3.png using Guid(6e44af645ed32194993503f3f9308da2) Importer(815301076,1909f56bfc062723c751e8b465ee728b)  -> (artifact id: 'f6c94acd09d2087efb43568696146fa3') in 0.021764 seconds 
========================================================================
Received Import Request.
  Time since last request: 0.000311 seconds.
  path: Assets/Asset Packs/spaceshooter/PNG/Enemies/enemyRed4.png
  artifactKey: Guid(25f53af6c7ee20d4088896610f64bba2) Importer(815301076,1909f56bfc062723c751e8b465ee728b)
Start importing Assets/Asset Packs/spaceshooter/PNG/Enemies/enemyRed4.png using Guid(25f53af6c7ee20d4088896610f64bba2) Importer(815301076,1909f56bfc062723c751e8b465ee728b)  -> (artifact id: '53195b4458630011aa6cf39a103f44db') in 0.025326 seconds 
========================================================================
Received Import Request.
  Time since last request: 0.000290 seconds.
  path: Assets/Asset Packs/spaceshooter/PNG/Enemies/enemyBlue3.png
  artifactKey: Guid(ab905a2e80ad10f4bbc44a3f1b9599eb) Importer(815301076,1909f56bfc062723c751e8b465ee728b)
Start importing Assets/Asset Packs/spaceshooter/PNG/Enemies/enemyBlue3.png using Guid(ab905a2e80ad10f4bbc44a3f1b9599eb) Importer(815301076,1909f56bfc062723c751e8b465ee728b)  -> (artifact id: '9d70109e805c73c362c8de2d4996d1b1') in 0.024923 seconds 
========================================================================
Received Import Request.
  Time since last request: 0.000325 seconds.
  path: Assets/Asset Packs/spaceshooter/PNG/Enemies/enemyBlack5.png
  artifactKey: Guid(10a1bcbdcc13da0459285b5ec1f0470a) Importer(815301076,1909f56bfc062723c751e8b465ee728b)
Start importing Assets/Asset Packs/spaceshooter/PNG/Enemies/enemyBlack5.png using Guid(10a1bcbdcc13da0459285b5ec1f0470a) Importer(815301076,1909f56bfc062723c751e8b465ee728b)  -> (artifact id: '9edf9875617873bee03515b9ce896957') in 0.024006 seconds 
========================================================================
Received Import Request.
  Time since last request: 0.000362 seconds.
  path: Assets/Asset Packs/spaceshooter/PNG/Enemies/enemyGreen3.png
  artifactKey: Guid(48f281b34f1e0774f8e2b400bdfff23c) Importer(815301076,1909f56bfc062723c751e8b465ee728b)
Start importing Assets/Asset Packs/spaceshooter/PNG/Enemies/enemyGreen3.png using Guid(48f281b34f1e0774f8e2b400bdfff23c) Importer(815301076,1909f56bfc062723c751e8b465ee728b)  -> (artifact id: 'd5b43b6dd1ac63b1e298c7a8b7ec1ae8') in 0.024518 seconds 
========================================================================
Received Import Request.
  Time since last request: 0.000506 seconds.
  path: Assets/Asset Packs/spaceshooter/PNG/Enemies/enemyBlue2.png
  artifactKey: Guid(0d3465fda918df74d878a82e47e9ded4) Importer(815301076,1909f56bfc062723c751e8b465ee728b)
Start importing Assets/Asset Packs/spaceshooter/PNG/Enemies/enemyBlue2.png using Guid(0d3465fda918df74d878a82e47e9ded4) Importer(815301076,1909f56bfc062723c751e8b465ee728b)  -> (artifact id: 'a350897c50e4637c6ac7cb32d58d9864') in 0.027053 seconds 
========================================================================
Received Import Request.
  Time since last request: 0.000270 seconds.
  path: Assets/Asset Packs/spaceshooter/PNG/Enemies/enemyBlack2.png
  artifactKey: Guid(3a3ece7651602994b96ce165849ae6ad) Importer(815301076,1909f56bfc062723c751e8b465ee728b)
Start importing Assets/Asset Packs/spaceshooter/PNG/Enemies/enemyBlack2.png using Guid(3a3ece7651602994b96ce165849ae6ad) Importer(815301076,1909f56bfc062723c751e8b465ee728b)  -> (artifact id: '7d5d96105e90490e85123ab4cd2925f8') in 0.021872 seconds 
========================================================================
Received Import Request.
  Time since last request: 0.000322 seconds.
  path: Assets/Asset Packs/spaceshooter/PNG/Enemies/enemyRed2.png
  artifactKey: Guid(28f3216c9de16a7408aa4ff54070c40c) Importer(815301076,1909f56bfc062723c751e8b465ee728b)
Start importing Assets/Asset Packs/spaceshooter/PNG/Enemies/enemyRed2.png using Guid(28f3216c9de16a7408aa4ff54070c40c) Importer(815301076,1909f56bfc062723c751e8b465ee728b)  -> (artifact id: '475ec3537adf744b74fabb6fb1dc4b83') in 0.022159 seconds 
========================================================================
Received Import Request.
  Time since last request: 0.000339 seconds.
  path: Assets/Asset Packs/spaceshooter/PNG/Enemies/enemyGreen4.png
  artifactKey: Guid(90c52b620f7c4a64e8dbf34ff8fccb18) Importer(815301076,1909f56bfc062723c751e8b465ee728b)
Start importing Assets/Asset Packs/spaceshooter/PNG/Enemies/enemyGreen4.png using Guid(90c52b620f7c4a64e8dbf34ff8fccb18) Importer(815301076,1909f56bfc062723c751e8b465ee728b)  -> (artifact id: '1947b0611d54c021196c3670c11252f0') in 0.024187 seconds 
========================================================================
Received Import Request.
  Time since last request: 0.000313 seconds.
  path: Assets/Asset Packs/spaceshooter/PNG/Enemies/enemyGreen2.png
  artifactKey: Guid(bca70aa8025743347acd45e2dd98d1bc) Importer(815301076,1909f56bfc062723c751e8b465ee728b)
Start importing Assets/Asset Packs/spaceshooter/PNG/Enemies/enemyGreen2.png using Guid(bca70aa8025743347acd45e2dd98d1bc) Importer(815301076,1909f56bfc062723c751e8b465ee728b)  -> (artifact id: '346736e45f3b70832b5cfe56ffd8def8') in 0.020570 seconds 
========================================================================
Received Import Request.
  Time since last request: 0.000360 seconds.
  path: Assets/Asset Packs/spaceshooter/PNG/Enemies/enemyRed5.png
  artifactKey: Guid(8dc9fab8dd566fe49a3116dc4cda5754) Importer(815301076,1909f56bfc062723c751e8b465ee728b)
Start importing Assets/Asset Packs/spaceshooter/PNG/Enemies/enemyRed5.png using Guid(8dc9fab8dd566fe49a3116dc4cda5754) Importer(815301076,1909f56bfc062723c751e8b465ee728b)  -> (artifact id: '530e8052da4caeecc5a10c5c57fded2a') in 0.020661 seconds 
========================================================================
Received Import Request.
  Time since last request: 0.000296 seconds.
  path: Assets/Asset Packs/spaceshooter/PNG/Enemies/enemyBlue4.png
  artifactKey: Guid(86c756b89288b944997d5d191619a80d) Importer(815301076,1909f56bfc062723c751e8b465ee728b)
Start importing Assets/Asset Packs/spaceshooter/PNG/Enemies/enemyBlue4.png using Guid(86c756b89288b944997d5d191619a80d) Importer(815301076,1909f56bfc062723c751e8b465ee728b)  -> (artifact id: '77aa815729074cc501be63658ddf8fb4') in 0.029132 seconds 
========================================================================
Received Import Request.
  Time since last request: 0.000363 seconds.
  path: Assets/Asset Packs/spaceshooter/PNG/Enemies/enemyBlue1.png
  artifactKey: Guid(9bfc63d93a736f244931ab650c98a8de) Importer(815301076,1909f56bfc062723c751e8b465ee728b)
Start importing Assets/Asset Packs/spaceshooter/PNG/Enemies/enemyBlue1.png using Guid(9bfc63d93a736f244931ab650c98a8de) Importer(815301076,1909f56bfc062723c751e8b465ee728b)  -> (artifact id: 'b23414cc552b8f39cc358edab24953e3') in 0.020262 seconds 
========================================================================
Received Import Request.
  Time since last request: 0.000332 seconds.
  path: Assets/Asset Packs/spaceshooter/PNG/Enemies/enemyRed1.png
  artifactKey: Guid(372ff2189e8a98a49ae54f7d1a9a04e3) Importer(815301076,1909f56bfc062723c751e8b465ee728b)
Start importing Assets/Asset Packs/spaceshooter/PNG/Enemies/enemyRed1.png using Guid(372ff2189e8a98a49ae54f7d1a9a04e3) Importer(815301076,1909f56bfc062723c751e8b465ee728b)  -> (artifact id: '63360630564ad45609024e69a129b0fd') in 0.020570 seconds 
========================================================================
Received Import Request.
  Time since last request: 35.255478 seconds.
  path: Assets/Prefabs/Enemy0.prefab
  artifactKey: Guid(dc65558d5c7765a47989893ccf1481b9) Importer(815301076,1909f56bfc062723c751e8b465ee728b)
Start importing Assets/Prefabs/Enemy0.prefab using Guid(dc65558d5c7765a47989893ccf1481b9) Importer(815301076,1909f56bfc062723c751e8b465ee728b)  -> (artifact id: 'd3e86b76053f3fc6becbe8568a0d97c1') in 0.022643 seconds 
========================================================================
Received Prepare
Registering precompiled user dll's ...
Registered in 0.004103 seconds.
Begin MonoManager ReloadAssembly
Native extension for WindowsStandalone target not found
Refreshing native plugins compatible for Editor in 0.84 ms, found 3 plugins.
Preloading 0 native plugins for Editor in 0.00 ms.
Mono: successfully reloaded assembly
- Completed reload, in  1.610 seconds
Domain Reload Profiling:
	ReloadAssembly (1611ms)
		BeginReloadAssembly (204ms)
			ExecutionOrderSort (0ms)
			DisableScriptedObjects (10ms)
			BackupInstance (0ms)
			ReleaseScriptingObjects (0ms)
			CreateAndSetChildDomain (52ms)
		EndReloadAssembly (1301ms)
			LoadAssemblies (188ms)
			RebuildTransferFunctionScriptingTraits (0ms)
			SetupTypeCache (472ms)
			ReleaseScriptCaches (3ms)
			RebuildScriptCaches (82ms)
			SetupLoadedEditorAssemblies (429ms)
				LogAssemblyErrors (0ms)
				InitializePlatformSupportModulesInManaged (7ms)
				SetLoadedEditorAssemblies (1ms)
				RefreshPlugins (1ms)
				BeforeProcessingInitializeOnLoad (128ms)
				ProcessInitializeOnLoadAttributes (267ms)
				ProcessInitializeOnLoadMethodAttributes (12ms)
				AfterProcessingInitializeOnLoad (12ms)
				EditorAssembliesLoaded (0ms)
			ExecutionOrderSort2 (0ms)
			AwakeInstancesAfterBackupRestoration (9ms)
Platform modules already initialized, skipping
Refreshing native plugins compatible for Editor in 0.74 ms, found 3 plugins.
Preloading 0 native plugins for Editor in 0.00 ms.
Unloading 2191 Unused Serialized files (Serialized files now loaded: 0)
System memory in use before: 100.0 MB.
System memory in use after: 100.0 MB.

Unloading 20 unused Assets to reduce memory usage. Loaded Objects now: 2664.
Total: 3.955500 ms (FindLiveObjects: 0.164600 ms CreateObjectMapping: 0.073200 ms MarkObjects: 3.292800 ms  DeleteObjects: 0.424000 ms)

AssetImportParameters requested are different than current active one (requested -> active):
  custom:framework-win-MediaFoundation: 216162199b28c13a410421893ffa2e32 -> 
  custom:video-decoder-ogg-theora: a1e56fd34408186e4bbccfd4996cb3dc -> 
  custom:container-muxer-webm: aa71ff27fc2769a1b78a27578f13a17b -> 
  custom:container-demuxer-webm: 4f35f7cbe854078d1ac9338744f61a02 -> 
  custom:container-demuxer-ogg: 62fdf1f143b41e24485cea50d1cbac27 -> 
  custom:video-encoder-webm-vp8: eb34c28f22e8b96e1ab97ce403110664 -> 
  custom:video-codec-MediaFoundation-h265: 746d11721c4dcdbdad8f713fa42b33f4 -> 
  custom:video-decoder-webm-vp8: 9c59270c3fd7afecdb556c50c9e8de78 -> 
  custom:audio-decoder-ogg-vorbis: bf7c407c2cedff20999df2af8eb42d56 -> 
  custom:audio-encoder-webm-vorbis: bf7c407c2cedff20999df2af8eb42d56 -> 
========================================================================
Received Prepare
Registering precompiled user dll's ...
Registered in 0.006599 seconds.
Begin MonoManager ReloadAssembly
Native extension for WindowsStandalone target not found
Refreshing native plugins compatible for Editor in 77.59 ms, found 3 plugins.
Preloading 0 native plugins for Editor in 0.00 ms.
Mono: successfully reloaded assembly
- Completed reload, in  1.210 seconds
Domain Reload Profiling:
	ReloadAssembly (1210ms)
		BeginReloadAssembly (156ms)
			ExecutionOrderSort (0ms)
			DisableScriptedObjects (9ms)
			BackupInstance (0ms)
			ReleaseScriptingObjects (0ms)
			CreateAndSetChildDomain (40ms)
		EndReloadAssembly (963ms)
			LoadAssemblies (120ms)
			RebuildTransferFunctionScriptingTraits (0ms)
			SetupTypeCache (301ms)
			ReleaseScriptCaches (1ms)
			RebuildScriptCaches (42ms)
			SetupLoadedEditorAssemblies (347ms)
				LogAssemblyErrors (0ms)
				InitializePlatformSupportModulesInManaged (6ms)
				SetLoadedEditorAssemblies (0ms)
				RefreshPlugins (78ms)
				BeforeProcessingInitializeOnLoad (114ms)
				ProcessInitializeOnLoadAttributes (131ms)
				ProcessInitializeOnLoadMethodAttributes (6ms)
				AfterProcessingInitializeOnLoad (12ms)
				EditorAssembliesLoaded (0ms)
			ExecutionOrderSort2 (0ms)
			AwakeInstancesAfterBackupRestoration (9ms)
Platform modules already initialized, skipping
Refreshing native plugins compatible for Editor in 0.78 ms, found 3 plugins.
Preloading 0 native plugins for Editor in 0.00 ms.
Unloading 2529 Unused Serialized files (Serialized files now loaded: 0)
System memory in use before: 111.8 MB.
System memory in use after: 111.9 MB.

Unloading 19 unused Assets to reduce memory usage. Loaded Objects now: 3001.
Total: 2.653400 ms (FindLiveObjects: 0.173300 ms CreateObjectMapping: 0.096700 ms MarkObjects: 2.198700 ms  DeleteObjects: 0.164200 ms)

AssetImportParameters requested are different than current active one (requested -> active):
  custom:framework-win-MediaFoundation: 216162199b28c13a410421893ffa2e32 -> 
  custom:video-decoder-ogg-theora: a1e56fd34408186e4bbccfd4996cb3dc -> 
  custom:container-muxer-webm: aa71ff27fc2769a1b78a27578f13a17b -> 
  custom:container-demuxer-webm: 4f35f7cbe854078d1ac9338744f61a02 -> 
  custom:container-demuxer-ogg: 62fdf1f143b41e24485cea50d1cbac27 -> 
  custom:video-encoder-webm-vp8: eb34c28f22e8b96e1ab97ce403110664 -> 
  custom:video-codec-MediaFoundation-h265: 746d11721c4dcdbdad8f713fa42b33f4 -> 
  custom:video-decoder-webm-vp8: 9c59270c3fd7afecdb556c50c9e8de78 -> 
  custom:audio-decoder-ogg-vorbis: bf7c407c2cedff20999df2af8eb42d56 -> 
  custom:audio-encoder-webm-vorbis: bf7c407c2cedff20999df2af8eb42d56 -> 
AssetImportWorkerClient::OnTransportError - code=2 error=End of file
